<?xml version="1.0" encoding="UTF-8"?>
<testng-results ignored="0" total="1" passed="1" failed="0" skipped="0">
  <reporter-output>
  </reporter-output>
  <suite started-at="2021-06-01T18:06:51 IST" name="Default suite" finished-at="2021-06-01T18:06:54 IST" duration-ms="3343">
    <groups>
    </groups>
    <test started-at="2021-06-01T18:06:51 IST" name="Default test" finished-at="2021-06-01T18:06:54 IST" duration-ms="3343">
      <class name="requestTest.SampleTest">
        <test-method signature="test1()[pri:0, instance:requestTest.SampleTest@45ca843]" started-at="2021-06-01T18:06:51 IST" name="test1" finished-at="2021-06-01T18:06:54 IST" duration-ms="3263" status="PASS">
          <reporter-output>
          </reporter-output>
        </test-method> <!-- test1 -->
      </class> <!-- requestTest.SampleTest -->
    </test> <!-- Default test -->
  </suite> <!-- Default suite -->
</testng-results>
