<?xml version="1.0" encoding="UTF-8"?>
<testng-results ignored="0" total="1" passed="1" failed="0" skipped="0">
  <reporter-output>
  </reporter-output>
  <suite started-at="2021-05-28T22:21:36 IST" name="Default suite" finished-at="2021-05-28T22:21:42 IST" duration-ms="5532">
    <groups>
    </groups>
    <test started-at="2021-05-28T22:21:36 IST" name="Default test" finished-at="2021-05-28T22:21:42 IST" duration-ms="5532">
      <class name="requestTest.PractiseTest">
        <test-method signature="f()[pri:0, instance:requestTest.PractiseTest@186f8716]" started-at="2021-05-28T22:21:36 IST" name="f" finished-at="2021-05-28T22:21:42 IST" duration-ms="5457" status="PASS">
          <reporter-output>
          </reporter-output>
        </test-method> <!-- f -->
      </class> <!-- requestTest.PractiseTest -->
    </test> <!-- Default test -->
  </suite> <!-- Default suite -->
</testng-results>
