<?xml version="1.0" encoding="UTF-8"?>
<testng-results ignored="0" total="23" passed="23" failed="0" skipped="0">
  <reporter-output>
  </reporter-output>
  <suite started-at="2021-04-14T16:30:18 IST" name="TestNG Test Automation suite" finished-at="2021-04-14T16:31:05 IST" duration-ms="47296">
    <groups>
      <group name="Test">
        <method signature="GoogleTest.test1()[pri:5, instance:com.testng.GoogleTest@17497425]" name="test1" class="com.testng.GoogleTest"/>
        <method signature="GoogleTest.test2()[pri:6, instance:com.testng.GoogleTest@17497425]" name="test2" class="com.testng.GoogleTest"/>
      </group> <!-- Test -->
      <group name="MailLink">
        <method signature="GoogleTest.mailLinkTest()[pri:2, instance:com.testng.GoogleTest@17497425]" name="mailLinkTest" class="com.testng.GoogleTest"/>
      </group> <!-- MailLink -->
      <group name="SignIn">
        <method signature="GoogleTest.googleSigninTest()[pri:3, instance:com.testng.GoogleTest@17497425]" name="googleSigninTest" class="com.testng.GoogleTest"/>
      </group> <!-- SignIn -->
      <group name="Title">
        <method signature="GoogleTest.googleTitleTest()[pri:1, instance:com.testng.GoogleTest@17497425]" name="googleTitleTest" class="com.testng.GoogleTest"/>
        <method signature="GoogleTitleTest.googleTitleTest()[pri:1, instance:com.testng.GoogleTitleTest@f0da945]" name="googleTitleTest" class="com.testng.GoogleTitleTest"/>
      </group> <!-- Title -->
      <group name="Logo">
        <method signature="GoogleTest.googleLogoTest()[pri:4, instance:com.testng.GoogleTest@17497425]" name="googleLogoTest" class="com.testng.GoogleTest"/>
        <method signature="GoogleTitleTest.googleLogoTest()[pri:2, instance:com.testng.GoogleTitleTest@f0da945]" name="googleLogoTest" class="com.testng.GoogleTitleTest"/>
      </group> <!-- Logo -->
    </groups>
    <test started-at="2021-04-14T16:30:18 IST" name="Different testng Feature Test" finished-at="2021-04-14T16:31:05 IST" duration-ms="47296">
      <class name="com.testng.GoogleTitleTest">
        <test-method is-config="true" signature="setUp()[pri:0, instance:com.testng.GoogleTitleTest@f0da945]" started-at="2021-04-14T16:30:54 IST" name="setUp" finished-at="2021-04-14T16:30:59 IST" duration-ms="4681" status="PASS">
          <reporter-output>
          </reporter-output>
        </test-method> <!-- setUp -->
        <test-method signature="googleTitleTest()[pri:1, instance:com.testng.GoogleTitleTest@f0da945]" started-at="2021-04-14T16:30:59 IST" name="googleTitleTest" finished-at="2021-04-14T16:30:59 IST" duration-ms="24" status="PASS">
          <reporter-output>
          </reporter-output>
        </test-method> <!-- googleTitleTest -->
        <test-method is-config="true" signature="tearDown()[pri:0, instance:com.testng.GoogleTitleTest@f0da945]" started-at="2021-04-14T16:30:59 IST" name="tearDown" finished-at="2021-04-14T16:31:00 IST" duration-ms="894" status="PASS">
          <reporter-output>
          </reporter-output>
        </test-method> <!-- tearDown -->
        <test-method is-config="true" signature="setUp()[pri:0, instance:com.testng.GoogleTitleTest@f0da945]" started-at="2021-04-14T16:31:00 IST" name="setUp" finished-at="2021-04-14T16:31:04 IST" duration-ms="4683" status="PASS">
          <reporter-output>
          </reporter-output>
        </test-method> <!-- setUp -->
        <test-method signature="googleLogoTest()[pri:2, instance:com.testng.GoogleTitleTest@f0da945]" started-at="2021-04-14T16:31:04 IST" name="googleLogoTest" finished-at="2021-04-14T16:31:05 IST" duration-ms="60" status="PASS">
          <reporter-output>
          </reporter-output>
        </test-method> <!-- googleLogoTest -->
        <test-method is-config="true" signature="tearDown()[pri:0, instance:com.testng.GoogleTitleTest@f0da945]" started-at="2021-04-14T16:31:05 IST" name="tearDown" finished-at="2021-04-14T16:31:05 IST" duration-ms="848" status="PASS">
          <reporter-output>
          </reporter-output>
        </test-method> <!-- tearDown -->
      </class> <!-- com.testng.GoogleTitleTest -->
      <class name="com.testng.GoogleTest">
        <test-method is-config="true" signature="setUp()[pri:0, instance:com.testng.GoogleTest@17497425]" started-at="2021-04-14T16:30:18 IST" name="setUp" finished-at="2021-04-14T16:30:25 IST" duration-ms="6954" status="PASS">
          <reporter-output>
          </reporter-output>
        </test-method> <!-- setUp -->
        <test-method signature="googleTitleTest()[pri:1, instance:com.testng.GoogleTest@17497425]" started-at="2021-04-14T16:30:25 IST" name="googleTitleTest" finished-at="2021-04-14T16:30:25 IST" duration-ms="13" status="PASS">
          <reporter-output>
          </reporter-output>
        </test-method> <!-- googleTitleTest -->
        <test-method is-config="true" signature="tearDown()[pri:0, instance:com.testng.GoogleTest@17497425]" started-at="2021-04-14T16:30:25 IST" name="tearDown" finished-at="2021-04-14T16:30:26 IST" duration-ms="791" status="PASS">
          <reporter-output>
          </reporter-output>
        </test-method> <!-- tearDown -->
        <test-method is-config="true" signature="setUp()[pri:0, instance:com.testng.GoogleTest@17497425]" started-at="2021-04-14T16:30:26 IST" name="setUp" finished-at="2021-04-14T16:30:31 IST" duration-ms="4516" status="PASS">
          <reporter-output>
          </reporter-output>
        </test-method> <!-- setUp -->
        <test-method signature="mailLinkTest()[pri:2, instance:com.testng.GoogleTest@17497425]" started-at="2021-04-14T16:30:31 IST" name="mailLinkTest" finished-at="2021-04-14T16:30:31 IST" duration-ms="99" status="PASS">
          <reporter-output>
          </reporter-output>
        </test-method> <!-- mailLinkTest -->
        <test-method is-config="true" signature="tearDown()[pri:0, instance:com.testng.GoogleTest@17497425]" started-at="2021-04-14T16:30:31 IST" name="tearDown" finished-at="2021-04-14T16:30:31 IST" duration-ms="831" status="PASS">
          <reporter-output>
          </reporter-output>
        </test-method> <!-- tearDown -->
        <test-method is-config="true" signature="setUp()[pri:0, instance:com.testng.GoogleTest@17497425]" started-at="2021-04-14T16:30:31 IST" name="setUp" finished-at="2021-04-14T16:30:37 IST" duration-ms="5207" status="PASS">
          <reporter-output>
          </reporter-output>
        </test-method> <!-- setUp -->
        <test-method signature="googleSigninTest()[pri:3, instance:com.testng.GoogleTest@17497425]" started-at="2021-04-14T16:30:37 IST" name="googleSigninTest" finished-at="2021-04-14T16:30:37 IST" duration-ms="75" status="PASS">
          <reporter-output>
          </reporter-output>
        </test-method> <!-- googleSigninTest -->
        <test-method is-config="true" signature="tearDown()[pri:0, instance:com.testng.GoogleTest@17497425]" started-at="2021-04-14T16:30:37 IST" name="tearDown" finished-at="2021-04-14T16:30:38 IST" duration-ms="898" status="PASS">
          <reporter-output>
          </reporter-output>
        </test-method> <!-- tearDown -->
        <test-method is-config="true" signature="setUp()[pri:0, instance:com.testng.GoogleTest@17497425]" started-at="2021-04-14T16:30:38 IST" name="setUp" finished-at="2021-04-14T16:30:42 IST" duration-ms="4547" status="PASS">
          <reporter-output>
          </reporter-output>
        </test-method> <!-- setUp -->
        <test-method signature="googleLogoTest()[pri:4, instance:com.testng.GoogleTest@17497425]" started-at="2021-04-14T16:30:42 IST" name="googleLogoTest" finished-at="2021-04-14T16:30:42 IST" duration-ms="66" status="PASS">
          <reporter-output>
          </reporter-output>
        </test-method> <!-- googleLogoTest -->
        <test-method is-config="true" signature="tearDown()[pri:0, instance:com.testng.GoogleTest@17497425]" started-at="2021-04-14T16:30:42 IST" name="tearDown" finished-at="2021-04-14T16:30:43 IST" duration-ms="805" status="PASS">
          <reporter-output>
          </reporter-output>
        </test-method> <!-- tearDown -->
        <test-method is-config="true" signature="setUp()[pri:0, instance:com.testng.GoogleTest@17497425]" started-at="2021-04-14T16:30:43 IST" name="setUp" finished-at="2021-04-14T16:30:48 IST" duration-ms="4577" status="PASS">
          <reporter-output>
          </reporter-output>
        </test-method> <!-- setUp -->
        <test-method signature="test1()[pri:5, instance:com.testng.GoogleTest@17497425]" started-at="2021-04-14T16:30:48 IST" name="test1" finished-at="2021-04-14T16:30:48 IST" duration-ms="1" status="PASS">
          <reporter-output>
          </reporter-output>
        </test-method> <!-- test1 -->
        <test-method is-config="true" signature="tearDown()[pri:0, instance:com.testng.GoogleTest@17497425]" started-at="2021-04-14T16:30:48 IST" name="tearDown" finished-at="2021-04-14T16:30:49 IST" duration-ms="1093" status="PASS">
          <reporter-output>
          </reporter-output>
        </test-method> <!-- tearDown -->
        <test-method is-config="true" signature="setUp()[pri:0, instance:com.testng.GoogleTest@17497425]" started-at="2021-04-14T16:30:49 IST" name="setUp" finished-at="2021-04-14T16:30:53 IST" duration-ms="4361" status="PASS">
          <reporter-output>
          </reporter-output>
        </test-method> <!-- setUp -->
        <test-method signature="test2()[pri:6, instance:com.testng.GoogleTest@17497425]" started-at="2021-04-14T16:30:53 IST" name="test2" finished-at="2021-04-14T16:30:53 IST" duration-ms="2" status="PASS">
          <reporter-output>
          </reporter-output>
        </test-method> <!-- test2 -->
        <test-method is-config="true" signature="tearDown()[pri:0, instance:com.testng.GoogleTest@17497425]" started-at="2021-04-14T16:30:53 IST" name="tearDown" finished-at="2021-04-14T16:30:54 IST" duration-ms="1066" status="PASS">
          <reporter-output>
          </reporter-output>
        </test-method> <!-- tearDown -->
      </class> <!-- com.testng.GoogleTest -->
      <class name="com.testng.TestNGBasics">
        <test-method is-config="true" signature="setUp()[pri:0, instance:com.testng.TestNGBasics@3c7f66c4]" started-at="2021-04-14T16:30:18 IST" name="setUp" finished-at="2021-04-14T16:30:18 IST" duration-ms="24" status="PASS">
          <reporter-output>
          </reporter-output>
        </test-method> <!-- setUp -->
        <test-method is-config="true" signature="launchBrowser()[pri:0, instance:com.testng.TestNGBasics@3c7f66c4]" started-at="2021-04-14T16:30:18 IST" name="launchBrowser" finished-at="2021-04-14T16:30:18 IST" duration-ms="2" status="PASS">
          <reporter-output>
          </reporter-output>
        </test-method> <!-- launchBrowser -->
        <test-method is-config="true" signature="enterURL()[pri:0, instance:com.testng.TestNGBasics@3c7f66c4]" started-at="2021-04-14T16:31:05 IST" name="enterURL" finished-at="2021-04-14T16:31:05 IST" duration-ms="1" status="PASS">
          <reporter-output>
          </reporter-output>
        </test-method> <!-- enterURL -->
        <test-method is-config="true" signature="logIn()[pri:0, instance:com.testng.TestNGBasics@3c7f66c4]" started-at="2021-04-14T16:31:05 IST" name="logIn" finished-at="2021-04-14T16:31:05 IST" duration-ms="0" status="PASS">
          <reporter-output>
          </reporter-output>
        </test-method> <!-- logIn -->
        <test-method signature="googleTitleTest()[pri:0, instance:com.testng.TestNGBasics@3c7f66c4]" started-at="2021-04-14T16:31:05 IST" name="googleTitleTest" finished-at="2021-04-14T16:31:05 IST" duration-ms="1" status="PASS">
          <reporter-output>
          </reporter-output>
        </test-method> <!-- googleTitleTest -->
        <test-method is-config="true" signature="logOut()[pri:0, instance:com.testng.TestNGBasics@3c7f66c4]" started-at="2021-04-14T16:31:05 IST" name="logOut" finished-at="2021-04-14T16:31:05 IST" duration-ms="0" status="PASS">
          <reporter-output>
          </reporter-output>
        </test-method> <!-- logOut -->
        <test-method is-config="true" signature="deleteAllCookies()[pri:0, instance:com.testng.TestNGBasics@3c7f66c4]" started-at="2021-04-14T16:31:05 IST" name="deleteAllCookies" finished-at="2021-04-14T16:31:05 IST" duration-ms="2" status="PASS">
          <reporter-output>
          </reporter-output>
        </test-method> <!-- deleteAllCookies -->
        <test-method is-config="true" signature="closeBrowser()[pri:0, instance:com.testng.TestNGBasics@3c7f66c4]" started-at="2021-04-14T16:31:05 IST" name="closeBrowser" finished-at="2021-04-14T16:31:05 IST" duration-ms="0" status="PASS">
          <reporter-output>
          </reporter-output>
        </test-method> <!-- closeBrowser -->
      </class> <!-- com.testng.TestNGBasics -->
      <class name="com.testng.ExceptionTimeoutTest">
        <test-method signature="test1()[pri:0, instance:com.testng.ExceptionTimeoutTest@194bcebf]" started-at="2021-04-14T16:30:18 IST" name="test1" finished-at="2021-04-14T16:30:18 IST" duration-ms="11" status="PASS">
          <exception class="java.lang.NumberFormatException">
            <message>
              <![CDATA[For input string: "100A"]]>
            </message>
            <full-stacktrace>
              <![CDATA[java.lang.NumberFormatException: For input string: "100A"
at java.base/java.lang.NumberFormatException.forInputString(NumberFormatException.java:68)
at java.base/java.lang.Integer.parseInt(Integer.java:652)
at java.base/java.lang.Integer.parseInt(Integer.java:770)
at com.testng.ExceptionTimeoutTest.test1(ExceptionTimeoutTest.java:25)
at java.base/jdk.internal.reflect.NativeMethodAccessorImpl.invoke0(Native Method)
at java.base/jdk.internal.reflect.NativeMethodAccessorImpl.invoke(NativeMethodAccessorImpl.java:64)
at java.base/jdk.internal.reflect.DelegatingMethodAccessorImpl.invoke(DelegatingMethodAccessorImpl.java:43)
at java.base/java.lang.reflect.Method.invoke(Method.java:564)
at org.testng.internal.MethodInvocationHelper.invokeMethod(MethodInvocationHelper.java:132)
at org.testng.internal.TestInvoker.invokeMethod(TestInvoker.java:599)
at org.testng.internal.TestInvoker.invokeTestMethod(TestInvoker.java:174)
at org.testng.internal.MethodRunner.runInSequence(MethodRunner.java:46)
at org.testng.internal.TestInvoker$MethodInvocationAgent.invoke(TestInvoker.java:822)
at org.testng.internal.TestInvoker.invokeTestMethods(TestInvoker.java:147)
at org.testng.internal.TestMethodWorker.invokeTestMethods(TestMethodWorker.java:146)
at org.testng.internal.TestMethodWorker.run(TestMethodWorker.java:128)
at java.base/java.util.ArrayList.forEach(ArrayList.java:1511)
at org.testng.TestRunner.privateRun(TestRunner.java:764)
at org.testng.TestRunner.run(TestRunner.java:585)
at org.testng.SuiteRunner.runTest(SuiteRunner.java:384)
at org.testng.SuiteRunner.runSequentially(SuiteRunner.java:378)
at org.testng.SuiteRunner.privateRun(SuiteRunner.java:337)
at org.testng.SuiteRunner.run(SuiteRunner.java:286)
at org.testng.SuiteRunnerWorker.runSuite(SuiteRunnerWorker.java:53)
at org.testng.SuiteRunnerWorker.run(SuiteRunnerWorker.java:96)
at org.testng.TestNG.runSuitesSequentially(TestNG.java:1218)
at org.testng.TestNG.runSuitesLocally(TestNG.java:1140)
at org.testng.TestNG.runSuites(TestNG.java:1069)
at org.testng.TestNG.run(TestNG.java:1037)
at org.testng.remote.AbstractRemoteTestNG.run(AbstractRemoteTestNG.java:115)
at org.testng.remote.RemoteTestNG.initAndRun(RemoteTestNG.java:251)
at org.testng.remote.RemoteTestNG.main(RemoteTestNG.java:77)
]]>
            </full-stacktrace>
          </exception> <!-- java.lang.NumberFormatException -->
          <reporter-output>
          </reporter-output>
        </test-method> <!-- test1 -->
      </class> <!-- com.testng.ExceptionTimeoutTest -->
      <class name="com.testng.InvocationCountTest">
        <test-method signature="sum()[pri:0, instance:com.testng.InvocationCountTest@4803b726]" started-at="2021-04-14T16:31:05 IST" name="sum" finished-at="2021-04-14T16:31:05 IST" duration-ms="2" status="PASS">
          <reporter-output>
          </reporter-output>
        </test-method> <!-- sum -->
        <test-method signature="sum()[pri:0, instance:com.testng.InvocationCountTest@4803b726]" started-at="2021-04-14T16:31:05 IST" name="sum" finished-at="2021-04-14T16:31:05 IST" duration-ms="1" status="PASS">
          <reporter-output>
          </reporter-output>
        </test-method> <!-- sum -->
        <test-method signature="sum()[pri:0, instance:com.testng.InvocationCountTest@4803b726]" started-at="2021-04-14T16:31:05 IST" name="sum" finished-at="2021-04-14T16:31:05 IST" duration-ms="1" status="PASS">
          <reporter-output>
          </reporter-output>
        </test-method> <!-- sum -->
        <test-method signature="sum()[pri:0, instance:com.testng.InvocationCountTest@4803b726]" started-at="2021-04-14T16:31:05 IST" name="sum" finished-at="2021-04-14T16:31:05 IST" duration-ms="1" status="PASS">
          <reporter-output>
          </reporter-output>
        </test-method> <!-- sum -->
        <test-method signature="sum()[pri:0, instance:com.testng.InvocationCountTest@4803b726]" started-at="2021-04-14T16:31:05 IST" name="sum" finished-at="2021-04-14T16:31:05 IST" duration-ms="2" status="PASS">
          <reporter-output>
          </reporter-output>
        </test-method> <!-- sum -->
        <test-method signature="sum()[pri:0, instance:com.testng.InvocationCountTest@4803b726]" started-at="2021-04-14T16:31:05 IST" name="sum" finished-at="2021-04-14T16:31:05 IST" duration-ms="1" status="PASS">
          <reporter-output>
          </reporter-output>
        </test-method> <!-- sum -->
        <test-method signature="sum()[pri:0, instance:com.testng.InvocationCountTest@4803b726]" started-at="2021-04-14T16:31:05 IST" name="sum" finished-at="2021-04-14T16:31:05 IST" duration-ms="1" status="PASS">
          <reporter-output>
          </reporter-output>
        </test-method> <!-- sum -->
        <test-method signature="sum()[pri:0, instance:com.testng.InvocationCountTest@4803b726]" started-at="2021-04-14T16:31:05 IST" name="sum" finished-at="2021-04-14T16:31:05 IST" duration-ms="2" status="PASS">
          <reporter-output>
          </reporter-output>
        </test-method> <!-- sum -->
        <test-method signature="sum()[pri:0, instance:com.testng.InvocationCountTest@4803b726]" started-at="2021-04-14T16:31:05 IST" name="sum" finished-at="2021-04-14T16:31:05 IST" duration-ms="2" status="PASS">
          <reporter-output>
          </reporter-output>
        </test-method> <!-- sum -->
        <test-method signature="sum()[pri:0, instance:com.testng.InvocationCountTest@4803b726]" started-at="2021-04-14T16:31:05 IST" name="sum" finished-at="2021-04-14T16:31:05 IST" duration-ms="2" status="PASS">
          <reporter-output>
          </reporter-output>
        </test-method> <!-- sum -->
      </class> <!-- com.testng.InvocationCountTest -->
      <class name="com.testng.TestNGFeatures">
        <test-method signature="loginTest()[pri:0, instance:com.testng.TestNGFeatures@ffaa6af]" started-at="2021-04-14T16:31:05 IST" name="loginTest" finished-at="2021-04-14T16:31:05 IST" duration-ms="5" status="PASS">
          <reporter-output>
          </reporter-output>
        </test-method> <!-- loginTest -->
        <test-method signature="homePageTest()[pri:0, instance:com.testng.TestNGFeatures@ffaa6af]" started-at="2021-04-14T16:31:05 IST" name="homePageTest" finished-at="2021-04-14T16:31:05 IST" depends-on-methods="com.testng.TestNGFeatures.loginTest" duration-ms="1" status="PASS">
          <reporter-output>
          </reporter-output>
        </test-method> <!-- homePageTest -->
        <test-method signature="regPageTest()[pri:0, instance:com.testng.TestNGFeatures@ffaa6af]" started-at="2021-04-14T16:31:05 IST" name="regPageTest" finished-at="2021-04-14T16:31:05 IST" depends-on-methods="com.testng.TestNGFeatures.loginTest" duration-ms="2" status="PASS">
          <reporter-output>
          </reporter-output>
        </test-method> <!-- regPageTest -->
      </class> <!-- com.testng.TestNGFeatures -->
    </test> <!-- Different testng Feature Test -->
  </suite> <!-- TestNG Test Automation suite -->
</testng-results>
