<?xml version="1.0" encoding="UTF-8"?>
<!-- Generated by org.testng.reporters.JUnitXMLReporter -->
<testsuite ignored="0" hostname="CDC2-L-01348KL" failures="0" tests="23" name="Different testng Feature Test" time="47.296" errors="0" timestamp="2021-04-14T16:31:05 IST">
  <testcase classname="com.testng.ExceptionTimeoutTest" name="test1" time="0.011"/>
  <testcase classname="com.testng.GoogleTest" name="googleTitleTest" time="0.013"/>
  <testcase classname="com.testng.GoogleTest" name="mailLinkTest" time="0.099"/>
  <testcase classname="com.testng.GoogleTest" name="googleSigninTest" time="0.075"/>
  <testcase classname="com.testng.GoogleTest" name="googleLogoTest" time="0.066"/>
  <testcase classname="com.testng.GoogleTest" name="test1" time="0.001"/>
  <testcase classname="com.testng.GoogleTest" name="test2" time="0.002"/>
  <testcase classname="com.testng.GoogleTitleTest" name="googleTitleTest" time="0.024"/>
  <testcase classname="com.testng.GoogleTitleTest" name="googleLogoTest" time="0.06"/>
  <testcase classname="com.testng.InvocationCountTest" name="sum" time="0.002"/>
  <testcase classname="com.testng.InvocationCountTest" name="sum" time="0.001"/>
  <testcase classname="com.testng.InvocationCountTest" name="sum" time="0.001"/>
  <testcase classname="com.testng.InvocationCountTest" name="sum" time="0.001"/>
  <testcase classname="com.testng.InvocationCountTest" name="sum" time="0.002"/>
  <testcase classname="com.testng.InvocationCountTest" name="sum" time="0.001"/>
  <testcase classname="com.testng.InvocationCountTest" name="sum" time="0.001"/>
  <testcase classname="com.testng.InvocationCountTest" name="sum" time="0.002"/>
  <testcase classname="com.testng.InvocationCountTest" name="sum" time="0.002"/>
  <testcase classname="com.testng.InvocationCountTest" name="sum" time="0.002"/>
  <testcase classname="com.testng.TestNGBasics" name="googleTitleTest" time="0.001"/>
  <testcase classname="com.testng.TestNGFeatures" name="loginTest" time="0.005"/>
  <testcase classname="com.testng.TestNGFeatures" name="homePageTest" time="0.001"/>
  <testcase classname="com.testng.TestNGFeatures" name="regPageTest" time="0.002"/>
</testsuite> <!-- Different testng Feature Test -->
