<?xml version="1.0" encoding="UTF-8"?>
<!-- Generated by org.testng.reporters.JUnitXMLReporter -->
<testsuite ignored="0" hostname="CDC2-L-01348KL" failures="0" tests="16" name="Different testng Feature Test" time="223.7" errors="0" timestamp="2021-06-02T07:43:36 IST">
  <testcase classname="testCode.AmazonApp_Test" name="amazonLogoTest" time="0.387"/>
  <testcase classname="testCode.AmazonApp_Test" name="titleTest" time="0.137"/>
  <testcase classname="testCode.AmazonApp_Test" name="testAddress" time="0.439"/>
  <testcase classname="testCode.AmazonApp_Test" name="sampleTest" time="0.004"/>
  <testcase classname="testCode.AmazonApp_Test" name="sampleTest" time="0.002"/>
  <testcase classname="testCode.AmazonApp_Test" name="sampleTest" time="0.003"/>
  <testcase classname="testCode.AmazonApp_Test" name="sampleTest" time="0.002"/>
  <testcase classname="testCode.FlipkartApp_Test" name="logoTest" time="0.076"/>
  <testcase classname="testCode.FlipkartApp_Test" name="getTitle" time="0.014"/>
  <testcase classname="testCode.TestBase" name="amazonLogoTest" time="0.285"/>
  <testcase classname="testCode.TestBase" name="titleTest" time="0.115"/>
  <testcase classname="testCode.TestBase" name="testAddress" time="0.173"/>
  <testcase classname="testCode.TestBase" name="sampleTest" time="0.002"/>
  <testcase classname="testCode.TestBase" name="sampleTest" time="0.003"/>
  <testcase classname="testCode.TestBase" name="sampleTest" time="0.002"/>
  <testcase classname="testCode.TestBase" name="sampleTest" time="0.001"/>
</testsuite> <!-- Different testng Feature Test -->
