<?xml version="1.0" encoding="UTF-8"?>
<!-- Generated by org.testng.reporters.JUnitXMLReporter -->
<testsuite ignored="0" hostname="CDC2-L-01348KL" failures="0" tests="7" name="Different testng Feature Test" time="54.675" errors="0" timestamp="2021-04-14T17:08:56 IST">
  <testcase classname="testCode.TestBase" name="amazonLogoTest" time="0.653"/>
  <testcase classname="testCode.TestBase" name="titleTest" time="0.156"/>
  <testcase classname="testCode.TestBase" name="testAddress" time="0.458"/>
  <testcase classname="testCode.TestBase" name="sampleTest" time="0.002"/>
  <testcase classname="testCode.TestBase" name="sampleTest" time="0.003"/>
  <testcase classname="testCode.TestBase" name="sampleTest" time="0.004"/>
  <testcase classname="testCode.TestBase" name="sampleTest" time="0.003"/>
</testsuite> <!-- Different testng Feature Test -->
