<?xml version="1.0" encoding="UTF-8"?>
<testng-results ignored="0" total="4" passed="4" failed="0" skipped="0">
  <reporter-output>
  </reporter-output>
  <suite started-at="2021-05-28T23:09:58 IST" name="Default suite" finished-at="2021-05-28T23:09:59 IST" duration-ms="86">
    <groups>
    </groups>
    <test started-at="2021-05-28T23:09:58 IST" name="Default test" finished-at="2021-05-28T23:09:59 IST" duration-ms="86">
      <class name="testCode.PriorityTest">
        <test-method signature="sampleTest3()[pri:-1, instance:testCode.PriorityTest@f2ff811]" started-at="2021-05-28T23:09:59 IST" name="sampleTest3" finished-at="2021-05-28T23:09:59 IST" duration-ms="12" status="PASS">
          <reporter-output>
          </reporter-output>
        </test-method> <!-- sampleTest3 -->
        <test-method signature="sampleTest1()[pri:0, instance:testCode.PriorityTest@f2ff811]" started-at="2021-05-28T23:09:59 IST" name="sampleTest1" finished-at="2021-05-28T23:09:59 IST" duration-ms="2" status="PASS">
          <reporter-output>
          </reporter-output>
        </test-method> <!-- sampleTest1 -->
        <test-method signature="sampleTest2()[pri:0, instance:testCode.PriorityTest@f2ff811]" started-at="2021-05-28T23:09:59 IST" name="sampleTest2" finished-at="2021-05-28T23:09:59 IST" duration-ms="2" status="PASS">
          <reporter-output>
          </reporter-output>
        </test-method> <!-- sampleTest2 -->
        <test-method signature="sampleTest4()[pri:1, instance:testCode.PriorityTest@f2ff811]" started-at="2021-05-28T23:09:59 IST" name="sampleTest4" finished-at="2021-05-28T23:09:59 IST" duration-ms="2" status="PASS">
          <reporter-output>
          </reporter-output>
        </test-method> <!-- sampleTest4 -->
      </class> <!-- testCode.PriorityTest -->
    </test> <!-- Default test -->
  </suite> <!-- Default suite -->
</testng-results>
