<?xml version="1.0" encoding="UTF-8"?>
<!-- Generated by org.testng.reporters.JUnitXMLReporter -->
<testsuite ignored="0" hostname="CDC2-L-01348KL" failures="0" tests="10" name="Default test" time="0.122" errors="0" timestamp="2021-04-03T13:17:43 IST">
  <testcase classname="com.testng.InvocationCountTest" name="sum" time="0.014"/>
  <testcase classname="com.testng.InvocationCountTest" name="sum" time="0.003"/>
  <testcase classname="com.testng.InvocationCountTest" name="sum" time="0.002"/>
  <testcase classname="com.testng.InvocationCountTest" name="sum" time="0.002"/>
  <testcase classname="com.testng.InvocationCountTest" name="sum" time="0.002"/>
  <testcase classname="com.testng.InvocationCountTest" name="sum" time="0.003"/>
  <testcase classname="com.testng.InvocationCountTest" name="sum" time="0.003"/>
  <testcase classname="com.testng.InvocationCountTest" name="sum" time="0.002"/>
  <testcase classname="com.testng.InvocationCountTest" name="sum" time="0.002"/>
  <testcase classname="com.testng.InvocationCountTest" name="sum" time="0.002"/>
</testsuite> <!-- Default test -->
