<?xml version="1.0" encoding="UTF-8"?>
<!-- Generated by org.testng.reporters.JUnitXMLReporter -->
<testsuite ignored="0" hostname="CDC2-L-01348KL" failures="0" tests="7" name="Default test" time="57.886" errors="0" timestamp="2021-05-12T11:57:14 IST">
  <testcase classname="testCode.AmazonApp_Test" name="amazonLogoTest" time="0.306"/>
  <testcase classname="testCode.AmazonApp_Test" name="titleTest" time="0.022"/>
  <testcase classname="testCode.AmazonApp_Test" name="testAddress" time="0.234"/>
  <testcase classname="testCode.AmazonApp_Test" name="sampleTest" time="0.002"/>
  <testcase classname="testCode.AmazonApp_Test" name="sampleTest" time="0.001"/>
  <testcase classname="testCode.AmazonApp_Test" name="sampleTest" time="0.002"/>
  <testcase classname="testCode.AmazonApp_Test" name="sampleTest" time="0.002"/>
</testsuite> <!-- Default test -->
